-- Attaching packages --------------------------------------- tidyverse 1.3.0 --
v ggplot2 3.2.1     v purrr   0.3.3
v tibble  2.1.3     v dplyr   0.8.3
v tidyr   1.0.0     v stringr 1.4.0
v readr   1.3.1     v forcats 0.4.0
-- Conflicts ------------------------------------------ tidyverse_conflicts() --
x dplyr::filter() masks stats::filter()
x dplyr::lag()    masks stats::lag()
Warnmeldung:
Paket 'tidyverse' wurde unter R Version 3.6.3 erstellt 

Attache Paket: 'lubridate'

The following object is masked from 'package:base':

    date

Warnmeldung:
Paket 'googlesheets4' wurde unter R Version 3.6.3 erstellt 

Attache Paket: 'googledrive'

The following objects are masked from 'package:googlesheets4':

    request_generate, request_make

Warnmeldung:
Paket 'googledrive' wurde unter R Version 3.6.3 erstellt 
Fehler in paste0(path, "/sweden.R") : Objekt 'path' nicht gefunden
Ruft auf: eval -> parse -> paste0
Ausführung angehalten
-- Attaching packages --------------------------------------- tidyverse 1.3.0 --
v ggplot2 3.2.1     v purrr   0.3.3
v tibble  2.1.3     v dplyr   0.8.3
v tidyr   1.0.0     v stringr 1.4.0
v readr   1.3.1     v forcats 0.4.0
-- Conflicts ------------------------------------------ tidyverse_conflicts() --
x dplyr::filter() masks stats::filter()
x dplyr::lag()    masks stats::lag()
Warnmeldung:
Paket 'tidyverse' wurde unter R Version 3.6.3 erstellt 

Attache Paket: 'lubridate'

The following object is masked from 'package:base':

    date

Warnmeldung:
Paket 'googlesheets4' wurde unter R Version 3.6.3 erstellt 

Attache Paket: 'googledrive'

The following objects are masked from 'package:googlesheets4':

    request_generate, request_make

Warnmeldung:
Paket 'googledrive' wurde unter R Version 3.6.3 erstellt 
Fehler in file(filename, "r") : kann Verbindung nicht öffnen
Ruft auf: eval -> parse -> file
Zusätzlich: Warnmeldung:
In file(filename, "r") :
  kann Datei 'C:/Windows/system32/sweden.R' nicht öffnen: No such file or directory
Ausführung angehalten
-- Attaching packages --------------------------------------- tidyverse 1.3.0 --
v ggplot2 3.2.1     v purrr   0.3.3
v tibble  2.1.3     v dplyr   0.8.3
v tidyr   1.0.0     v stringr 1.4.0
v readr   1.3.1     v forcats 0.4.0
-- Conflicts ------------------------------------------ tidyverse_conflicts() --
x dplyr::filter() masks stats::filter()
x dplyr::lag()    masks stats::lag()
Warnmeldung:
Paket 'tidyverse' wurde unter R Version 3.6.3 erstellt 

Attache Paket: 'lubridate'

The following object is masked from 'package:base':

    date

Warnmeldung:
Paket 'googlesheets4' wurde unter R Version 3.6.3 erstellt 

Attache Paket: 'googledrive'

The following objects are masked from 'package:googlesheets4':

    request_generate, request_make

Warnmeldung:
Paket 'googledrive' wurde unter R Version 3.6.3 erstellt 
[1] "Starting data retrieval for Sweden..."
Auto-refreshing stale OAuth token.
Reading from "Sweden input template"
Range "'database'"
Joining, by = c("Country", "Region", "Code", "Date", "Sex", "Age", "AgeInt", "Metric", "Measure")
[1] "Sweden: no duplicates found, appending data..."
Writing to "Sweden input template"
Appending 28 row(s) to "database"
Auto-refreshing stale OAuth token.
Local file:
  * C:\Users\ALBURE~1\AppData\Local\Temp\RtmpIfwX3x\fileaeb853201126.xlsx
uploaded into Drive file:
  * SE30.06.2020cases&deaths.xlsx: 1JCTDDCO2pplY0WeB-sfyPJ1y-xNCpJ0B
with MIME type:
  * application/vnd.openxmlformats-officedocument.spreadsheetml.sheet
Es gab 50 oder mehr Warnungen (Anzeige der ersten 50 mit warnings())
